2023-02-22 04:15:49,724 : INFO : environment : initialize : Line 60 : 

██████╗ ██╗     ██╗   ██╗███████╗███╗   ███╗██╗███████╗████████╗     █████╗ ██╗
██╔══██╗██║     ██║   ██║██╔════╝████╗ ████║██║██╔════╝╚══██╔══╝    ██╔══██╗██║
██████╔╝██║     ██║   ██║█████╗  ██╔████╔██║██║███████╗   ██║       ███████║██║
██╔══██╗██║     ██║   ██║██╔══╝  ██║╚██╔╝██║██║╚════██║   ██║       ██╔══██║██║
██████╔╝███████╗╚██████╔╝███████╗██║ ╚═╝ ██║██║███████║   ██║       ██║  ██║██║                                                                        
                                (version 0.1.1)
    
2023-02-22 04:15:49,791 : INFO : environment : initialize : Line 65 : System platform :: posix, Linux, 5.19.0-31-generic, linux-x86_64, ('64bit', 'ELF')
2023-02-22 04:15:49,792 : DEBUG : environment : initialize : Line 68 : Printing environment variables...
2023-02-22 04:15:49,793 : DEBUG : environment : initialize : Line 70 : PATH=/home/shashank-agrawal/anaconda3/envs/bluemist-ai/bin:/home/shashank-agrawal/anaconda3/condabin:/home/shashank-agrawal/bin:/home/shashank-agrawal/.local/bin:/usr/local/sbin:/usr/local/bin:/usr/sbin:/usr/bin:/sbin:/bin:/usr/games:/usr/local/games:/snap/bin:/snap/bin
2023-02-22 04:15:49,793 : DEBUG : environment : initialize : Line 70 : XAUTHORITY=/run/user/1000/.mutter-Xwaylandauth.PHNV01
2023-02-22 04:15:49,793 : DEBUG : environment : initialize : Line 70 : INVOCATION_ID=87d20936286e4abeabd69604e5a17287
2023-02-22 04:15:49,794 : DEBUG : environment : initialize : Line 70 : XMODIFIERS=@im=ibus
2023-02-22 04:15:49,794 : DEBUG : environment : initialize : Line 70 : XDG_DATA_DIRS=/usr/share/ubuntu:/usr/local/share/:/usr/share/:/var/lib/snapd/desktop
2023-02-22 04:15:49,794 : DEBUG : environment : initialize : Line 70 : GDMSESSION=ubuntu
2023-02-22 04:15:49,794 : DEBUG : environment : initialize : Line 70 : SNAP_COMMON=/var/snap/pycharm-community/common
2023-02-22 04:15:49,795 : DEBUG : environment : initialize : Line 70 : CONDA_DEFAULT_ENV=bluemist-ai
2023-02-22 04:15:49,795 : DEBUG : environment : initialize : Line 70 : SNAP_INSTANCE_KEY=
2023-02-22 04:15:49,795 : DEBUG : environment : initialize : Line 70 : SNAP_USER_COMMON=/home/shashank-agrawal/snap/pycharm-community/common
2023-02-22 04:15:49,795 : DEBUG : environment : initialize : Line 70 : DBUS_SESSION_BUS_ADDRESS=unix:path=/run/user/1000/bus
2023-02-22 04:15:49,795 : DEBUG : environment : initialize : Line 70 : SNAP_REVISION=315
2023-02-22 04:15:49,795 : DEBUG : environment : initialize : Line 70 : XDG_CURRENT_DESKTOP=ubuntu:GNOME
2023-02-22 04:15:49,796 : DEBUG : environment : initialize : Line 70 : CONDA_PREFIX=/home/shashank-agrawal/anaconda3/envs/bluemist-ai
2023-02-22 04:15:49,796 : DEBUG : environment : initialize : Line 70 : JOURNAL_STREAM=8:60376
2023-02-22 04:15:49,796 : DEBUG : environment : initialize : Line 70 : SESSION_MANAGER=local/Lenovo-G510:@/tmp/.ICE-unix/2719,unix/Lenovo-G510:/tmp/.ICE-unix/2719
2023-02-22 04:15:49,796 : DEBUG : environment : initialize : Line 70 : USERNAME=shashank-agrawal
2023-02-22 04:15:49,796 : DEBUG : environment : initialize : Line 70 : LOGNAME=shashank-agrawal
2023-02-22 04:15:49,796 : DEBUG : environment : initialize : Line 70 : PWD=/home/shashank-agrawal/PycharmProjects/bluemist-ai/bluemist
2023-02-22 04:15:49,797 : DEBUG : environment : initialize : Line 70 : MANAGERPID=2456
2023-02-22 04:15:49,797 : DEBUG : environment : initialize : Line 70 : IM_CONFIG_PHASE=1
2023-02-22 04:15:49,797 : DEBUG : environment : initialize : Line 70 : PYCHARM_HOSTED=1
2023-02-22 04:15:49,797 : DEBUG : environment : initialize : Line 70 : GJS_DEBUG_TOPICS=JS ERROR;JS LOG
2023-02-22 04:15:49,797 : DEBUG : environment : initialize : Line 70 : PYTHONPATH=/home/shashank-agrawal/PycharmProjects/bluemist-ai
2023-02-22 04:15:49,797 : DEBUG : environment : initialize : Line 70 : SHELL=/bin/bash
2023-02-22 04:15:49,798 : DEBUG : environment : initialize : Line 70 : GIO_LAUNCHED_DESKTOP_FILE=/var/lib/snapd/desktop/applications/pycharm-community_pycharm-community.desktop
2023-02-22 04:15:49,798 : DEBUG : environment : initialize : Line 70 : BAMF_DESKTOP_FILE_HINT=/var/lib/snapd/desktop/applications/pycharm-community_pycharm-community.desktop
2023-02-22 04:15:49,798 : DEBUG : environment : initialize : Line 70 : GNOME_DESKTOP_SESSION_ID=this-is-deprecated
2023-02-22 04:15:49,798 : DEBUG : environment : initialize : Line 70 : GTK_MODULES=gail:atk-bridge
2023-02-22 04:15:49,798 : DEBUG : environment : initialize : Line 70 : SNAP_ARCH=amd64
2023-02-22 04:15:49,798 : DEBUG : environment : initialize : Line 70 : DEBUGINFOD_URLS=https://debuginfod.ubuntu.com 
2023-02-22 04:15:49,799 : DEBUG : environment : initialize : Line 70 : CONDA_PROMPT_MODIFIER=(bluemist-ai) 
2023-02-22 04:15:49,799 : DEBUG : environment : initialize : Line 70 : SYSTEMD_EXEC_PID=2747
2023-02-22 04:15:49,799 : DEBUG : environment : initialize : Line 70 : XDG_SESSION_DESKTOP=ubuntu
2023-02-22 04:15:49,799 : DEBUG : environment : initialize : Line 70 : GNOME_SETUP_DISPLAY=:1
2023-02-22 04:15:49,799 : DEBUG : environment : initialize : Line 70 : SNAP_LIBRARY_PATH=/var/lib/snapd/lib/gl:/var/lib/snapd/lib/gl32:/var/lib/snapd/void
2023-02-22 04:15:49,799 : DEBUG : environment : initialize : Line 70 : SSH_AGENT_LAUNCHER=openssh
2023-02-22 04:15:49,800 : DEBUG : environment : initialize : Line 70 : SHLVL=0
2023-02-22 04:15:49,800 : DEBUG : environment : initialize : Line 70 : SNAP_NAME=pycharm-community
2023-02-22 04:15:49,800 : DEBUG : environment : initialize : Line 70 : QT_IM_MODULE=ibus
2023-02-22 04:15:49,800 : DEBUG : environment : initialize : Line 70 : XDG_CONFIG_DIRS=/etc/xdg/xdg-ubuntu:/etc/xdg
2023-02-22 04:15:49,800 : DEBUG : environment : initialize : Line 70 : LANG=en_US.UTF-8
2023-02-22 04:15:49,800 : DEBUG : environment : initialize : Line 70 : SNAP_INSTANCE_NAME=pycharm-community
2023-02-22 04:15:49,801 : DEBUG : environment : initialize : Line 70 : XDG_SESSION_TYPE=wayland
2023-02-22 04:15:49,801 : DEBUG : environment : initialize : Line 70 : SNAP_USER_DATA=/home/shashank-agrawal/snap/pycharm-community/315
2023-02-22 04:15:49,801 : DEBUG : environment : initialize : Line 70 : DISPLAY=:0
2023-02-22 04:15:49,801 : DEBUG : environment : initialize : Line 70 : SNAP_REEXEC=
2023-02-22 04:15:49,801 : DEBUG : environment : initialize : Line 70 : WAYLAND_DISPLAY=wayland-0
2023-02-22 04:15:49,801 : DEBUG : environment : initialize : Line 70 : SNAP_VERSION=2022.3.2
2023-02-22 04:15:49,802 : DEBUG : environment : initialize : Line 70 : CONDA_SHLVL=1
2023-02-22 04:15:49,802 : DEBUG : environment : initialize : Line 70 : XDG_SESSION_CLASS=user
2023-02-22 04:15:49,802 : DEBUG : environment : initialize : Line 70 : _=/usr/bin/gnome-session
2023-02-22 04:15:49,802 : DEBUG : environment : initialize : Line 70 : SNAP_DATA=/var/snap/pycharm-community/315
2023-02-22 04:15:49,802 : DEBUG : environment : initialize : Line 70 : PYTHONIOENCODING=UTF-8
2023-02-22 04:15:49,802 : DEBUG : environment : initialize : Line 70 : DESKTOP_SESSION=ubuntu
2023-02-22 04:15:49,803 : DEBUG : environment : initialize : Line 70 : SNAP=/snap/pycharm-community/315
2023-02-22 04:15:49,803 : DEBUG : environment : initialize : Line 70 : USER=shashank-agrawal
2023-02-22 04:15:49,803 : DEBUG : environment : initialize : Line 70 : SNAP_REAL_HOME=/home/shashank-agrawal
2023-02-22 04:15:49,803 : DEBUG : environment : initialize : Line 70 : XDG_MENU_PREFIX=gnome-
2023-02-22 04:15:49,803 : DEBUG : environment : initialize : Line 70 : GIO_LAUNCHED_DESKTOP_FILE_PID=31998
2023-02-22 04:15:49,803 : DEBUG : environment : initialize : Line 70 : QT_ACCESSIBILITY=1
2023-02-22 04:15:49,804 : DEBUG : environment : initialize : Line 70 : GJS_DEBUG_OUTPUT=stderr
2023-02-22 04:15:49,804 : DEBUG : environment : initialize : Line 70 : SSH_AUTH_SOCK=/run/user/1000/keyring/ssh
2023-02-22 04:15:49,804 : DEBUG : environment : initialize : Line 70 : PYTHONUNBUFFERED=1
2023-02-22 04:15:49,804 : DEBUG : environment : initialize : Line 70 : QT_QPA_PLATFORMTHEME=appmenu-qt5
2023-02-22 04:15:49,804 : DEBUG : environment : initialize : Line 70 : GNOME_SHELL_SESSION_MODE=ubuntu
2023-02-22 04:15:49,805 : DEBUG : environment : initialize : Line 70 : SNAP_CONTEXT=TH5tqtxLmo9ShdKlEBAZc6u4bWIr3M0WWbdvPINAEAQmrjxaSIQE
2023-02-22 04:15:49,805 : DEBUG : environment : initialize : Line 70 : XDG_RUNTIME_DIR=/run/user/1000
2023-02-22 04:15:49,805 : DEBUG : environment : initialize : Line 70 : SNAP_COOKIE=TH5tqtxLmo9ShdKlEBAZc6u4bWIr3M0WWbdvPINAEAQmrjxaSIQE
2023-02-22 04:15:49,805 : DEBUG : environment : initialize : Line 70 : HOME=/home/shashank-agrawal
2023-02-22 04:15:49,805 : DEBUG : environment : initialize : Line 70 : KMP_DUPLICATE_LIB_OK=True
2023-02-22 04:15:49,805 : DEBUG : environment : initialize : Line 70 : KMP_INIT_AT_FORK=FALSE
2023-02-22 04:15:49,806 : DEBUG : environment : initialize : Line 70 : BLUEMIST_PATH=/home/shashank-agrawal/PycharmProjects/bluemist-ai/bluemist
2023-02-22 04:15:49,806 : DEBUG : environment : initialize : Line 79 : Removing directory :: /home/shashank-agrawal/PycharmProjects/bluemist-ai/bluemist/artifacts/data
2023-02-22 04:15:49,806 : DEBUG : environment : initialize : Line 82 : Creating directory :: /home/shashank-agrawal/PycharmProjects/bluemist-ai/bluemist/artifacts/data
2023-02-22 04:15:49,807 : DEBUG : environment : initialize : Line 79 : Removing directory :: /home/shashank-agrawal/PycharmProjects/bluemist-ai/bluemist/artifacts/eda
2023-02-22 04:15:49,807 : DEBUG : environment : initialize : Line 82 : Creating directory :: /home/shashank-agrawal/PycharmProjects/bluemist-ai/bluemist/artifacts/eda
2023-02-22 04:15:49,807 : DEBUG : environment : initialize : Line 79 : Removing directory :: /home/shashank-agrawal/PycharmProjects/bluemist-ai/bluemist/artifacts/experiments
2023-02-22 04:15:49,808 : DEBUG : environment : initialize : Line 82 : Creating directory :: /home/shashank-agrawal/PycharmProjects/bluemist-ai/bluemist/artifacts/experiments
2023-02-22 04:15:49,808 : DEBUG : environment : initialize : Line 79 : Removing directory :: /home/shashank-agrawal/PycharmProjects/bluemist-ai/bluemist/artifacts/models
2023-02-22 04:15:49,816 : DEBUG : environment : initialize : Line 82 : Creating directory :: /home/shashank-agrawal/PycharmProjects/bluemist-ai/bluemist/artifacts/models
2023-02-22 04:15:49,816 : DEBUG : environment : initialize : Line 79 : Removing directory :: /home/shashank-agrawal/PycharmProjects/bluemist-ai/bluemist/artifacts/preprocessor
2023-02-22 04:15:49,816 : DEBUG : environment : initialize : Line 82 : Creating directory :: /home/shashank-agrawal/PycharmProjects/bluemist-ai/bluemist/artifacts/preprocessor
2023-02-22 04:15:49,817 : DEBUG : environment : initialize : Line 79 : Removing directory :: /home/shashank-agrawal/PycharmProjects/bluemist-ai/bluemist/mlruns
2023-02-22 04:15:49,924 : DEBUG : environment : initialize : Line 82 : Creating directory :: /home/shashank-agrawal/PycharmProjects/bluemist-ai/bluemist/mlruns
2023-02-22 04:15:49,924 : DEBUG : environment : initialize : Line 86 : Clearing file content of /home/shashank-agrawal/PycharmProjects/bluemist-ai/bluemist/artifacts/api/predict.py
2023-02-23 11:21:18,935 : INFO : environment : <module> : Line 30 : BLUEMIST_PATH /home/shashank-agrawal/PycharmProjects/bluemist-ai/bluemist
2023-02-23 11:21:20,813 : INFO : utils : _init_num_threads : Line 159 : NumExpr defaulting to 8 threads.
2023-02-23 11:21:38,252 : INFO : __init__ : <module> : Line 14 : Pandas backend loaded 1.4.2
2023-02-23 11:21:38,280 : INFO : __init__ : <module> : Line 25 : Numpy backend loaded 1.22.3
2023-02-23 11:21:38,281 : INFO : __init__ : <module> : Line 37 : Pyspark backend NOT loaded
2023-02-23 11:21:38,281 : INFO : __init__ : <module> : Line 43 : Python backend loaded
2023-02-23 11:39:48,040 : INFO : environment : <module> : Line 30 : BLUEMIST_PATH /home/shashank-agrawal/PycharmProjects/bluemist-ai/bluemist
2023-02-23 11:39:49,638 : INFO : utils : _init_num_threads : Line 159 : NumExpr defaulting to 8 threads.
2023-02-23 11:40:10,251 : INFO : __init__ : <module> : Line 14 : Pandas backend loaded 1.4.2
2023-02-23 11:40:10,279 : INFO : __init__ : <module> : Line 25 : Numpy backend loaded 1.22.3
2023-02-23 11:40:10,279 : INFO : __init__ : <module> : Line 37 : Pyspark backend NOT loaded
2023-02-23 11:40:10,280 : INFO : __init__ : <module> : Line 43 : Python backend loaded
2023-02-23 11:45:27,580 : INFO : environment : <module> : Line 30 : BLUEMIST_PATH /home/shashank-agrawal/PycharmProjects/bluemist-ai/bluemist
2023-02-23 11:45:27,864 : INFO : utils : _init_num_threads : Line 159 : NumExpr defaulting to 8 threads.
2023-02-23 11:45:33,141 : INFO : __init__ : <module> : Line 14 : Pandas backend loaded 1.4.2
2023-02-23 11:45:33,164 : INFO : __init__ : <module> : Line 25 : Numpy backend loaded 1.22.3
2023-02-23 11:45:33,165 : INFO : __init__ : <module> : Line 37 : Pyspark backend NOT loaded
2023-02-23 11:45:33,165 : INFO : __init__ : <module> : Line 43 : Python backend loaded
2023-02-23 11:49:11,883 : INFO : environment : <module> : Line 30 : BLUEMIST_PATH /home/shashank-agrawal/PycharmProjects/bluemist-ai/bluemist
2023-02-23 11:49:12,396 : INFO : utils : _init_num_threads : Line 159 : NumExpr defaulting to 8 threads.
2023-02-23 11:49:18,089 : INFO : __init__ : <module> : Line 14 : Pandas backend loaded 1.4.2
2023-02-23 11:49:18,110 : INFO : __init__ : <module> : Line 25 : Numpy backend loaded 1.22.3
2023-02-23 11:49:18,111 : INFO : __init__ : <module> : Line 37 : Pyspark backend NOT loaded
2023-02-23 11:49:18,112 : INFO : __init__ : <module> : Line 43 : Python backend loaded
2023-02-23 11:52:39,437 : INFO : environment : <module> : Line 30 : BLUEMIST_PATH /home/shashank-agrawal/PycharmProjects/bluemist-ai/bluemist
2023-02-23 11:52:39,728 : INFO : utils : _init_num_threads : Line 159 : NumExpr defaulting to 8 threads.
2023-02-23 11:52:45,677 : INFO : __init__ : <module> : Line 14 : Pandas backend loaded 1.4.2
2023-02-23 11:52:45,705 : INFO : __init__ : <module> : Line 25 : Numpy backend loaded 1.22.3
2023-02-23 11:52:45,706 : INFO : __init__ : <module> : Line 37 : Pyspark backend NOT loaded
2023-02-23 11:52:45,706 : INFO : __init__ : <module> : Line 43 : Python backend loaded
2023-02-23 11:58:10,371 : INFO : environment : <module> : Line 30 : BLUEMIST_PATH /home/shashank-agrawal/PycharmProjects/bluemist-ai/bluemist
2023-02-23 11:58:10,641 : INFO : utils : _init_num_threads : Line 159 : NumExpr defaulting to 8 threads.
2023-02-23 11:58:15,401 : INFO : __init__ : <module> : Line 14 : Pandas backend loaded 1.4.2
2023-02-23 11:58:15,423 : INFO : __init__ : <module> : Line 25 : Numpy backend loaded 1.22.3
2023-02-23 11:58:15,423 : INFO : __init__ : <module> : Line 37 : Pyspark backend NOT loaded
2023-02-23 11:58:15,424 : INFO : __init__ : <module> : Line 43 : Python backend loaded
2023-02-23 11:59:12,299 : INFO : environment : <module> : Line 30 : BLUEMIST_PATH /home/shashank-agrawal/PycharmProjects/bluemist-ai/bluemist
2023-02-23 11:59:12,519 : INFO : utils : _init_num_threads : Line 159 : NumExpr defaulting to 8 threads.
2023-02-23 11:59:17,153 : INFO : __init__ : <module> : Line 14 : Pandas backend loaded 1.4.2
2023-02-23 11:59:17,174 : INFO : __init__ : <module> : Line 25 : Numpy backend loaded 1.22.3
2023-02-23 11:59:17,175 : INFO : __init__ : <module> : Line 37 : Pyspark backend NOT loaded
2023-02-23 11:59:17,175 : INFO : __init__ : <module> : Line 43 : Python backend loaded
2023-02-23 12:09:04,871 : INFO : environment : <module> : Line 30 : BLUEMIST_PATH /home/shashank-agrawal/PycharmProjects/bluemist-ai/bluemist
2023-02-23 12:09:05,095 : INFO : utils : _init_num_threads : Line 159 : NumExpr defaulting to 8 threads.
2023-02-23 12:09:09,884 : INFO : __init__ : <module> : Line 14 : Pandas backend loaded 1.4.2
2023-02-23 12:09:09,911 : INFO : __init__ : <module> : Line 25 : Numpy backend loaded 1.22.3
2023-02-23 12:09:09,912 : INFO : __init__ : <module> : Line 37 : Pyspark backend NOT loaded
2023-02-23 12:09:09,912 : INFO : __init__ : <module> : Line 43 : Python backend loaded
2023-02-23 12:10:24,636 : INFO : environment : <module> : Line 30 : BLUEMIST_PATH /home/shashank-agrawal/PycharmProjects/bluemist-ai/bluemist
2023-02-23 12:10:24,919 : INFO : utils : _init_num_threads : Line 159 : NumExpr defaulting to 8 threads.
2023-02-23 12:10:34,104 : INFO : environment : <module> : Line 30 : BLUEMIST_PATH /home/shashank-agrawal/PycharmProjects/bluemist-ai/bluemist
2023-02-23 12:10:34,321 : INFO : utils : _init_num_threads : Line 159 : NumExpr defaulting to 8 threads.
2023-02-23 12:10:39,043 : INFO : __init__ : <module> : Line 14 : Pandas backend loaded 1.4.2
2023-02-23 12:10:39,064 : INFO : __init__ : <module> : Line 25 : Numpy backend loaded 1.22.3
2023-02-23 12:10:39,065 : INFO : __init__ : <module> : Line 37 : Pyspark backend NOT loaded
2023-02-23 12:10:39,066 : INFO : __init__ : <module> : Line 43 : Python backend loaded
2023-02-23 12:12:21,396 : INFO : environment : <module> : Line 30 : BLUEMIST_PATH /home/shashank-agrawal/PycharmProjects/bluemist-ai/bluemist
2023-02-23 12:12:21,614 : INFO : utils : _init_num_threads : Line 159 : NumExpr defaulting to 8 threads.
2023-02-23 12:12:26,320 : INFO : __init__ : <module> : Line 14 : Pandas backend loaded 1.4.2
2023-02-23 12:12:26,343 : INFO : __init__ : <module> : Line 25 : Numpy backend loaded 1.22.3
2023-02-23 12:12:26,344 : INFO : __init__ : <module> : Line 37 : Pyspark backend NOT loaded
2023-02-23 12:12:26,344 : INFO : __init__ : <module> : Line 43 : Python backend loaded
2023-02-23 12:12:43,512 : INFO : environment : <module> : Line 30 : BLUEMIST_PATH /home/shashank-agrawal/PycharmProjects/bluemist-ai/bluemist
2023-02-23 12:12:43,727 : INFO : utils : _init_num_threads : Line 159 : NumExpr defaulting to 8 threads.
2023-02-23 12:12:48,425 : INFO : __init__ : <module> : Line 14 : Pandas backend loaded 1.4.2
2023-02-23 12:12:48,447 : INFO : __init__ : <module> : Line 25 : Numpy backend loaded 1.22.3
2023-02-23 12:12:48,448 : INFO : __init__ : <module> : Line 37 : Pyspark backend NOT loaded
2023-02-23 12:12:48,448 : INFO : __init__ : <module> : Line 43 : Python backend loaded
2023-02-23 12:22:15,989 : INFO : environment : <module> : Line 30 : BLUEMIST_PATH /home/shashank-agrawal/PycharmProjects/bluemist-ai/bluemist
2023-02-23 12:22:16,209 : INFO : utils : _init_num_threads : Line 159 : NumExpr defaulting to 8 threads.
2023-02-23 12:22:20,864 : INFO : __init__ : <module> : Line 14 : Pandas backend loaded 1.4.2
2023-02-23 12:22:20,885 : INFO : __init__ : <module> : Line 25 : Numpy backend loaded 1.22.3
2023-02-23 12:22:20,886 : INFO : __init__ : <module> : Line 37 : Pyspark backend NOT loaded
2023-02-23 12:22:20,886 : INFO : __init__ : <module> : Line 43 : Python backend loaded
2023-02-23 12:36:39,016 : INFO : environment : <module> : Line 30 : BLUEMIST_PATH /home/shashank-agrawal/PycharmProjects/bluemist-ai/bluemist
2023-02-23 12:36:39,234 : INFO : utils : _init_num_threads : Line 159 : NumExpr defaulting to 8 threads.
2023-02-23 12:36:44,023 : INFO : __init__ : <module> : Line 14 : Pandas backend loaded 1.4.2
2023-02-23 12:36:44,048 : INFO : __init__ : <module> : Line 25 : Numpy backend loaded 1.22.3
2023-02-23 12:36:44,049 : INFO : __init__ : <module> : Line 37 : Pyspark backend NOT loaded
2023-02-23 12:36:44,049 : INFO : __init__ : <module> : Line 43 : Python backend loaded
2023-02-23 12:38:04,940 : INFO : environment : <module> : Line 30 : BLUEMIST_PATH /home/shashank-agrawal/PycharmProjects/bluemist-ai/bluemist
2023-02-23 12:38:05,159 : INFO : utils : _init_num_threads : Line 159 : NumExpr defaulting to 8 threads.
2023-02-23 12:38:09,839 : INFO : __init__ : <module> : Line 14 : Pandas backend loaded 1.4.2
2023-02-23 12:38:09,860 : INFO : __init__ : <module> : Line 25 : Numpy backend loaded 1.22.3
2023-02-23 12:38:09,861 : INFO : __init__ : <module> : Line 37 : Pyspark backend NOT loaded
2023-02-23 12:38:09,861 : INFO : __init__ : <module> : Line 43 : Python backend loaded
2023-02-23 12:57:14,257 : INFO : environment : <module> : Line 30 : BLUEMIST_PATH /home/shashank-agrawal/PycharmProjects/bluemist-ai/bluemist
2023-02-23 12:57:14,477 : INFO : utils : _init_num_threads : Line 159 : NumExpr defaulting to 8 threads.
2023-02-23 12:57:19,188 : INFO : __init__ : <module> : Line 14 : Pandas backend loaded 1.4.2
2023-02-23 12:57:19,210 : INFO : __init__ : <module> : Line 25 : Numpy backend loaded 1.22.3
2023-02-23 12:57:19,210 : INFO : __init__ : <module> : Line 37 : Pyspark backend NOT loaded
2023-02-23 12:57:19,211 : INFO : __init__ : <module> : Line 43 : Python backend loaded
2023-02-23 13:03:18,036 : INFO : environment : <module> : Line 30 : BLUEMIST_PATH /home/shashank-agrawal/PycharmProjects/bluemist-ai/bluemist
2023-02-23 13:03:18,257 : INFO : utils : _init_num_threads : Line 159 : NumExpr defaulting to 8 threads.
2023-02-23 13:03:23,387 : INFO : __init__ : <module> : Line 14 : Pandas backend loaded 1.4.2
2023-02-23 13:03:23,409 : INFO : __init__ : <module> : Line 25 : Numpy backend loaded 1.22.3
2023-02-23 13:03:23,409 : INFO : __init__ : <module> : Line 37 : Pyspark backend NOT loaded
2023-02-23 13:03:23,410 : INFO : __init__ : <module> : Line 43 : Python backend loaded
2023-02-23 13:08:42,011 : INFO : environment : <module> : Line 30 : BLUEMIST_PATH /home/shashank-agrawal/PycharmProjects/bluemist-ai/bluemist
2023-02-23 13:08:42,284 : INFO : utils : _init_num_threads : Line 159 : NumExpr defaulting to 8 threads.
2023-02-23 13:08:48,406 : INFO : __init__ : <module> : Line 14 : Pandas backend loaded 1.4.2
2023-02-23 13:08:48,450 : INFO : __init__ : <module> : Line 25 : Numpy backend loaded 1.22.3
2023-02-23 13:08:48,451 : INFO : __init__ : <module> : Line 37 : Pyspark backend NOT loaded
2023-02-23 13:08:48,451 : INFO : __init__ : <module> : Line 43 : Python backend loaded
2023-02-23 13:11:11,865 : INFO : environment : <module> : Line 30 : BLUEMIST_PATH /home/shashank-agrawal/PycharmProjects/bluemist-ai/bluemist
2023-02-23 13:11:12,099 : INFO : utils : _init_num_threads : Line 159 : NumExpr defaulting to 8 threads.
2023-02-23 13:11:17,435 : INFO : __init__ : <module> : Line 14 : Pandas backend loaded 1.4.2
2023-02-23 13:11:17,460 : INFO : __init__ : <module> : Line 25 : Numpy backend loaded 1.22.3
2023-02-23 13:11:17,461 : INFO : __init__ : <module> : Line 37 : Pyspark backend NOT loaded
2023-02-23 13:11:17,461 : INFO : __init__ : <module> : Line 43 : Python backend loaded
2023-02-23 13:30:32,886 : INFO : environment : <module> : Line 30 : BLUEMIST_PATH /home/shashank-agrawal/PycharmProjects/bluemist-ai/bluemist
2023-02-23 13:30:33,107 : INFO : utils : _init_num_threads : Line 159 : NumExpr defaulting to 8 threads.
2023-02-23 13:30:37,796 : INFO : __init__ : <module> : Line 14 : Pandas backend loaded 1.4.2
2023-02-23 13:30:37,817 : INFO : __init__ : <module> : Line 25 : Numpy backend loaded 1.22.3
2023-02-23 13:30:37,818 : INFO : __init__ : <module> : Line 37 : Pyspark backend NOT loaded
2023-02-23 13:30:37,818 : INFO : __init__ : <module> : Line 43 : Python backend loaded
2023-02-23 13:36:09,258 : INFO : environment : <module> : Line 30 : BLUEMIST_PATH /home/shashank-agrawal/PycharmProjects/bluemist-ai/bluemist
2023-02-23 13:36:09,596 : INFO : utils : _init_num_threads : Line 159 : NumExpr defaulting to 8 threads.
2023-02-23 13:36:15,647 : INFO : __init__ : <module> : Line 14 : Pandas backend loaded 1.4.2
2023-02-23 13:36:15,672 : INFO : __init__ : <module> : Line 25 : Numpy backend loaded 1.22.3
2023-02-23 13:36:15,673 : INFO : __init__ : <module> : Line 37 : Pyspark backend NOT loaded
2023-02-23 13:36:15,673 : INFO : __init__ : <module> : Line 43 : Python backend loaded
2023-02-23 13:37:32,063 : INFO : environment : <module> : Line 30 : BLUEMIST_PATH /home/shashank-agrawal/PycharmProjects/bluemist-ai/bluemist
2023-02-23 13:37:32,290 : INFO : utils : _init_num_threads : Line 159 : NumExpr defaulting to 8 threads.
2023-02-23 13:37:37,752 : INFO : __init__ : <module> : Line 14 : Pandas backend loaded 1.4.2
2023-02-23 13:37:37,776 : INFO : __init__ : <module> : Line 25 : Numpy backend loaded 1.22.3
2023-02-23 13:37:37,777 : INFO : __init__ : <module> : Line 37 : Pyspark backend NOT loaded
2023-02-23 13:37:37,777 : INFO : __init__ : <module> : Line 43 : Python backend loaded
2023-02-23 13:43:07,565 : INFO : environment : <module> : Line 30 : BLUEMIST_PATH /home/shashank-agrawal/PycharmProjects/bluemist-ai/bluemist
2023-02-23 13:43:07,783 : INFO : utils : _init_num_threads : Line 159 : NumExpr defaulting to 8 threads.
2023-02-23 13:43:12,490 : INFO : __init__ : <module> : Line 14 : Pandas backend loaded 1.4.2
2023-02-23 13:43:12,512 : INFO : __init__ : <module> : Line 25 : Numpy backend loaded 1.22.3
2023-02-23 13:43:12,512 : INFO : __init__ : <module> : Line 37 : Pyspark backend NOT loaded
2023-02-23 13:43:12,513 : INFO : __init__ : <module> : Line 43 : Python backend loaded
2023-02-23 13:46:37,670 : INFO : environment : <module> : Line 30 : BLUEMIST_PATH /home/shashank-agrawal/PycharmProjects/bluemist-ai/bluemist
2023-02-23 13:46:37,892 : INFO : utils : _init_num_threads : Line 159 : NumExpr defaulting to 8 threads.
2023-02-23 13:46:43,270 : INFO : __init__ : <module> : Line 14 : Pandas backend loaded 1.4.2
2023-02-23 13:46:43,291 : INFO : __init__ : <module> : Line 25 : Numpy backend loaded 1.22.3
2023-02-23 13:46:43,292 : INFO : __init__ : <module> : Line 37 : Pyspark backend NOT loaded
2023-02-23 13:46:43,292 : INFO : __init__ : <module> : Line 43 : Python backend loaded
2023-02-23 13:52:58,713 : INFO : environment : <module> : Line 30 : BLUEMIST_PATH /home/shashank-agrawal/PycharmProjects/bluemist-ai/bluemist
2023-02-23 13:52:58,942 : INFO : utils : _init_num_threads : Line 159 : NumExpr defaulting to 8 threads.
2023-02-23 13:53:03,655 : INFO : __init__ : <module> : Line 14 : Pandas backend loaded 1.4.2
2023-02-23 13:53:03,676 : INFO : __init__ : <module> : Line 25 : Numpy backend loaded 1.22.3
2023-02-23 13:53:03,677 : INFO : __init__ : <module> : Line 37 : Pyspark backend NOT loaded
2023-02-23 13:53:03,677 : INFO : __init__ : <module> : Line 43 : Python backend loaded
2023-02-23 13:57:12,976 : INFO : environment : <module> : Line 30 : BLUEMIST_PATH /home/shashank-agrawal/PycharmProjects/bluemist-ai/bluemist
2023-02-23 13:57:13,191 : INFO : utils : _init_num_threads : Line 159 : NumExpr defaulting to 8 threads.
2023-02-23 13:57:17,831 : INFO : __init__ : <module> : Line 14 : Pandas backend loaded 1.4.2
2023-02-23 13:57:17,852 : INFO : __init__ : <module> : Line 25 : Numpy backend loaded 1.22.3
2023-02-23 13:57:17,853 : INFO : __init__ : <module> : Line 37 : Pyspark backend NOT loaded
2023-02-23 13:57:17,853 : INFO : __init__ : <module> : Line 43 : Python backend loaded
2023-02-23 13:58:36,067 : INFO : environment : <module> : Line 30 : BLUEMIST_PATH /home/shashank-agrawal/PycharmProjects/bluemist-ai/bluemist
2023-02-23 13:58:36,288 : INFO : utils : _init_num_threads : Line 159 : NumExpr defaulting to 8 threads.
2023-02-23 13:58:41,023 : INFO : __init__ : <module> : Line 14 : Pandas backend loaded 1.4.2
2023-02-23 13:58:41,044 : INFO : __init__ : <module> : Line 25 : Numpy backend loaded 1.22.3
2023-02-23 13:58:41,045 : INFO : __init__ : <module> : Line 37 : Pyspark backend NOT loaded
2023-02-23 13:58:41,045 : INFO : __init__ : <module> : Line 43 : Python backend loaded
2023-02-23 14:07:40,637 : INFO : environment : <module> : Line 30 : BLUEMIST_PATH /home/shashank-agrawal/PycharmProjects/bluemist-ai/bluemist
2023-02-23 14:07:40,860 : INFO : utils : _init_num_threads : Line 159 : NumExpr defaulting to 8 threads.
2023-02-23 14:07:45,573 : INFO : __init__ : <module> : Line 14 : Pandas backend loaded 1.4.2
2023-02-23 14:07:45,595 : INFO : __init__ : <module> : Line 25 : Numpy backend loaded 1.22.3
2023-02-23 14:07:45,595 : INFO : __init__ : <module> : Line 37 : Pyspark backend NOT loaded
2023-02-23 14:07:45,595 : INFO : __init__ : <module> : Line 43 : Python backend loaded
2023-02-23 14:10:43,995 : INFO : environment : <module> : Line 30 : BLUEMIST_PATH /home/shashank-agrawal/PycharmProjects/bluemist-ai/bluemist
2023-02-23 14:10:44,213 : INFO : utils : _init_num_threads : Line 159 : NumExpr defaulting to 8 threads.
2023-02-23 14:10:48,855 : INFO : __init__ : <module> : Line 14 : Pandas backend loaded 1.4.2
2023-02-23 14:10:48,877 : INFO : __init__ : <module> : Line 25 : Numpy backend loaded 1.22.3
2023-02-23 14:10:48,877 : INFO : __init__ : <module> : Line 37 : Pyspark backend NOT loaded
2023-02-23 14:10:48,878 : INFO : __init__ : <module> : Line 43 : Python backend loaded
2023-02-23 14:14:45,993 : INFO : environment : <module> : Line 30 : BLUEMIST_PATH /home/shashank-agrawal/PycharmProjects/bluemist-ai/bluemist
2023-02-23 14:14:46,210 : INFO : utils : _init_num_threads : Line 159 : NumExpr defaulting to 8 threads.
2023-02-23 14:14:50,939 : INFO : __init__ : <module> : Line 14 : Pandas backend loaded 1.4.2
2023-02-23 14:14:50,962 : INFO : __init__ : <module> : Line 25 : Numpy backend loaded 1.22.3
2023-02-23 14:14:50,962 : INFO : __init__ : <module> : Line 37 : Pyspark backend NOT loaded
2023-02-23 14:14:50,963 : INFO : __init__ : <module> : Line 43 : Python backend loaded
2023-02-23 14:15:31,258 : INFO : environment : <module> : Line 30 : BLUEMIST_PATH /home/shashank-agrawal/PycharmProjects/bluemist-ai/bluemist
2023-02-23 14:15:31,476 : INFO : utils : _init_num_threads : Line 159 : NumExpr defaulting to 8 threads.
2023-02-23 14:15:36,080 : INFO : __init__ : <module> : Line 14 : Pandas backend loaded 1.4.2
2023-02-23 14:15:36,102 : INFO : __init__ : <module> : Line 25 : Numpy backend loaded 1.22.3
2023-02-23 14:15:36,102 : INFO : __init__ : <module> : Line 37 : Pyspark backend NOT loaded
2023-02-23 14:15:36,103 : INFO : __init__ : <module> : Line 43 : Python backend loaded
2023-02-23 14:16:20,928 : INFO : environment : <module> : Line 30 : BLUEMIST_PATH /home/shashank-agrawal/PycharmProjects/bluemist-ai/bluemist
2023-02-23 14:16:21,148 : INFO : utils : _init_num_threads : Line 159 : NumExpr defaulting to 8 threads.
2023-02-23 14:16:25,809 : INFO : __init__ : <module> : Line 14 : Pandas backend loaded 1.4.2
2023-02-23 14:16:25,830 : INFO : __init__ : <module> : Line 25 : Numpy backend loaded 1.22.3
2023-02-23 14:16:25,831 : INFO : __init__ : <module> : Line 37 : Pyspark backend NOT loaded
2023-02-23 14:16:25,831 : INFO : __init__ : <module> : Line 43 : Python backend loaded
2023-02-23 14:18:07,802 : INFO : environment : <module> : Line 30 : BLUEMIST_PATH /home/shashank-agrawal/PycharmProjects/bluemist-ai/bluemist
2023-02-23 14:18:08,026 : INFO : utils : _init_num_threads : Line 159 : NumExpr defaulting to 8 threads.
2023-02-23 14:18:12,706 : INFO : __init__ : <module> : Line 14 : Pandas backend loaded 1.4.2
2023-02-23 14:18:12,727 : INFO : __init__ : <module> : Line 25 : Numpy backend loaded 1.22.3
2023-02-23 14:18:12,728 : INFO : __init__ : <module> : Line 37 : Pyspark backend NOT loaded
2023-02-23 14:18:12,728 : INFO : __init__ : <module> : Line 43 : Python backend loaded
2023-02-23 14:21:10,436 : INFO : environment : <module> : Line 30 : BLUEMIST_PATH /home/shashank-agrawal/PycharmProjects/bluemist-ai/bluemist
2023-02-23 14:21:10,660 : INFO : utils : _init_num_threads : Line 159 : NumExpr defaulting to 8 threads.
2023-02-23 14:21:15,339 : INFO : __init__ : <module> : Line 14 : Pandas backend loaded 1.4.2
2023-02-23 14:21:15,361 : INFO : __init__ : <module> : Line 25 : Numpy backend loaded 1.22.3
2023-02-23 14:21:15,362 : INFO : __init__ : <module> : Line 37 : Pyspark backend NOT loaded
2023-02-23 14:21:15,362 : INFO : __init__ : <module> : Line 43 : Python backend loaded
2023-02-23 14:21:46,400 : INFO : environment : <module> : Line 30 : BLUEMIST_PATH /home/shashank-agrawal/PycharmProjects/bluemist-ai/bluemist
2023-02-23 14:21:46,616 : INFO : utils : _init_num_threads : Line 159 : NumExpr defaulting to 8 threads.
2023-02-23 14:21:51,348 : INFO : __init__ : <module> : Line 14 : Pandas backend loaded 1.4.2
2023-02-23 14:21:51,370 : INFO : __init__ : <module> : Line 25 : Numpy backend loaded 1.22.3
2023-02-23 14:21:51,371 : INFO : __init__ : <module> : Line 37 : Pyspark backend NOT loaded
2023-02-23 14:21:51,371 : INFO : __init__ : <module> : Line 43 : Python backend loaded
2023-02-23 14:23:05,977 : INFO : environment : <module> : Line 30 : BLUEMIST_PATH /home/shashank-agrawal/PycharmProjects/bluemist-ai/bluemist
2023-02-23 14:23:06,197 : INFO : utils : _init_num_threads : Line 159 : NumExpr defaulting to 8 threads.
2023-02-23 14:23:10,893 : INFO : __init__ : <module> : Line 14 : Pandas backend loaded 1.4.2
2023-02-23 14:23:10,914 : INFO : __init__ : <module> : Line 25 : Numpy backend loaded 1.22.3
2023-02-23 14:23:10,915 : INFO : __init__ : <module> : Line 37 : Pyspark backend NOT loaded
2023-02-23 14:23:10,916 : INFO : __init__ : <module> : Line 43 : Python backend loaded
2023-02-23 14:25:43,907 : INFO : environment : <module> : Line 30 : BLUEMIST_PATH /home/shashank-agrawal/PycharmProjects/bluemist-ai/bluemist
2023-02-23 14:25:44,134 : INFO : utils : _init_num_threads : Line 159 : NumExpr defaulting to 8 threads.
2023-02-23 14:25:49,169 : INFO : __init__ : <module> : Line 14 : Pandas backend loaded 1.4.2
2023-02-23 14:25:49,194 : INFO : __init__ : <module> : Line 25 : Numpy backend loaded 1.22.3
2023-02-23 14:25:49,195 : INFO : __init__ : <module> : Line 37 : Pyspark backend NOT loaded
2023-02-23 14:25:49,195 : INFO : __init__ : <module> : Line 43 : Python backend loaded
2023-02-23 14:29:37,466 : INFO : environment : <module> : Line 30 : BLUEMIST_PATH /home/shashank-agrawal/PycharmProjects/bluemist-ai/bluemist
2023-02-23 14:29:37,704 : INFO : utils : _init_num_threads : Line 159 : NumExpr defaulting to 8 threads.
2023-02-23 14:29:42,375 : INFO : __init__ : <module> : Line 14 : Pandas backend loaded 1.4.2
2023-02-23 14:29:42,397 : INFO : __init__ : <module> : Line 25 : Numpy backend loaded 1.22.3
2023-02-23 14:29:42,398 : INFO : __init__ : <module> : Line 37 : Pyspark backend NOT loaded
2023-02-23 14:29:42,398 : INFO : __init__ : <module> : Line 43 : Python backend loaded
2023-02-23 14:31:04,881 : INFO : environment : <module> : Line 30 : BLUEMIST_PATH /home/shashank-agrawal/PycharmProjects/bluemist-ai/bluemist
2023-02-23 14:31:05,099 : INFO : utils : _init_num_threads : Line 159 : NumExpr defaulting to 8 threads.
2023-02-23 14:31:09,807 : INFO : __init__ : <module> : Line 14 : Pandas backend loaded 1.4.2
2023-02-23 14:31:09,829 : INFO : __init__ : <module> : Line 25 : Numpy backend loaded 1.22.3
2023-02-23 14:31:09,830 : INFO : __init__ : <module> : Line 37 : Pyspark backend NOT loaded
2023-02-23 14:31:09,830 : INFO : __init__ : <module> : Line 43 : Python backend loaded
2023-02-23 14:32:27,162 : INFO : environment : <module> : Line 30 : BLUEMIST_PATH /home/shashank-agrawal/PycharmProjects/bluemist-ai/bluemist
2023-02-23 14:32:27,389 : INFO : utils : _init_num_threads : Line 159 : NumExpr defaulting to 8 threads.
2023-02-23 14:32:33,608 : INFO : __init__ : <module> : Line 14 : Pandas backend loaded 1.4.2
2023-02-23 14:32:33,632 : INFO : __init__ : <module> : Line 25 : Numpy backend loaded 1.22.3
2023-02-23 14:32:33,632 : INFO : __init__ : <module> : Line 37 : Pyspark backend NOT loaded
2023-02-23 14:32:33,633 : INFO : __init__ : <module> : Line 43 : Python backend loaded
2023-02-23 14:33:47,147 : INFO : environment : <module> : Line 30 : BLUEMIST_PATH /home/shashank-agrawal/PycharmProjects/bluemist-ai/bluemist
2023-02-23 14:33:47,366 : INFO : utils : _init_num_threads : Line 159 : NumExpr defaulting to 8 threads.
2023-02-23 14:33:52,069 : INFO : __init__ : <module> : Line 14 : Pandas backend loaded 1.4.2
2023-02-23 14:33:52,091 : INFO : __init__ : <module> : Line 25 : Numpy backend loaded 1.22.3
2023-02-23 14:33:52,092 : INFO : __init__ : <module> : Line 37 : Pyspark backend NOT loaded
2023-02-23 14:33:52,092 : INFO : __init__ : <module> : Line 43 : Python backend loaded
2023-02-23 14:38:07,927 : INFO : environment : <module> : Line 30 : BLUEMIST_PATH /home/shashank-agrawal/PycharmProjects/bluemist-ai/bluemist
2023-02-23 14:38:08,150 : INFO : utils : _init_num_threads : Line 159 : NumExpr defaulting to 8 threads.
2023-02-23 14:38:12,768 : INFO : __init__ : <module> : Line 14 : Pandas backend loaded 1.4.2
2023-02-23 14:38:12,790 : INFO : __init__ : <module> : Line 25 : Numpy backend loaded 1.22.3
2023-02-23 14:38:12,791 : INFO : __init__ : <module> : Line 37 : Pyspark backend NOT loaded
2023-02-23 14:38:12,791 : INFO : __init__ : <module> : Line 43 : Python backend loaded
2023-02-23 14:43:00,689 : INFO : environment : <module> : Line 30 : BLUEMIST_PATH /home/shashank-agrawal/PycharmProjects/bluemist-ai/bluemist
2023-02-23 14:43:00,981 : INFO : utils : _init_num_threads : Line 159 : NumExpr defaulting to 8 threads.
2023-02-23 14:43:06,386 : INFO : __init__ : <module> : Line 14 : Pandas backend loaded 1.4.2
2023-02-23 14:43:06,409 : INFO : __init__ : <module> : Line 25 : Numpy backend loaded 1.22.3
2023-02-23 14:43:06,410 : INFO : __init__ : <module> : Line 37 : Pyspark backend NOT loaded
2023-02-23 14:43:06,410 : INFO : __init__ : <module> : Line 43 : Python backend loaded
2023-02-23 14:44:37,189 : INFO : environment : <module> : Line 30 : BLUEMIST_PATH /home/shashank-agrawal/PycharmProjects/bluemist-ai/bluemist
2023-02-23 14:44:37,405 : INFO : utils : _init_num_threads : Line 159 : NumExpr defaulting to 8 threads.
2023-02-23 14:44:42,086 : INFO : __init__ : <module> : Line 14 : Pandas backend loaded 1.4.2
2023-02-23 14:44:42,107 : INFO : __init__ : <module> : Line 25 : Numpy backend loaded 1.22.3
2023-02-23 14:44:42,108 : INFO : __init__ : <module> : Line 37 : Pyspark backend NOT loaded
2023-02-23 14:44:42,108 : INFO : __init__ : <module> : Line 43 : Python backend loaded
2023-02-23 14:49:41,896 : INFO : environment : <module> : Line 30 : BLUEMIST_PATH /home/shashank-agrawal/PycharmProjects/bluemist-ai/bluemist
2023-02-23 14:49:42,141 : INFO : utils : _init_num_threads : Line 159 : NumExpr defaulting to 8 threads.
2023-02-23 14:49:47,582 : INFO : __init__ : <module> : Line 14 : Pandas backend loaded 1.4.2
2023-02-23 14:49:47,605 : INFO : __init__ : <module> : Line 25 : Numpy backend loaded 1.22.3
2023-02-23 14:49:47,606 : INFO : __init__ : <module> : Line 37 : Pyspark backend NOT loaded
2023-02-23 14:49:47,606 : INFO : __init__ : <module> : Line 43 : Python backend loaded
2023-02-23 14:52:39,620 : INFO : environment : <module> : Line 30 : BLUEMIST_PATH /home/shashank-agrawal/PycharmProjects/bluemist-ai/bluemist
2023-02-23 14:52:39,853 : INFO : utils : _init_num_threads : Line 159 : NumExpr defaulting to 8 threads.
2023-02-23 14:52:44,943 : INFO : __init__ : <module> : Line 14 : Pandas backend loaded 1.4.2
2023-02-23 14:52:44,965 : INFO : __init__ : <module> : Line 25 : Numpy backend loaded 1.22.3
2023-02-23 14:52:44,966 : INFO : __init__ : <module> : Line 37 : Pyspark backend NOT loaded
2023-02-23 14:52:44,966 : INFO : __init__ : <module> : Line 43 : Python backend loaded
2023-02-23 14:59:19,118 : INFO : environment : <module> : Line 30 : BLUEMIST_PATH /home/shashank-agrawal/PycharmProjects/bluemist-ai/bluemist
2023-02-23 14:59:19,334 : INFO : utils : _init_num_threads : Line 159 : NumExpr defaulting to 8 threads.
2023-02-23 14:59:23,999 : INFO : __init__ : <module> : Line 14 : Pandas backend loaded 1.4.2
2023-02-23 14:59:24,021 : INFO : __init__ : <module> : Line 25 : Numpy backend loaded 1.22.3
2023-02-23 14:59:24,021 : INFO : __init__ : <module> : Line 37 : Pyspark backend NOT loaded
2023-02-23 14:59:24,022 : INFO : __init__ : <module> : Line 43 : Python backend loaded
2023-02-23 15:00:10,906 : INFO : environment : <module> : Line 30 : BLUEMIST_PATH /home/shashank-agrawal/PycharmProjects/bluemist-ai/bluemist
2023-02-23 15:00:11,126 : INFO : utils : _init_num_threads : Line 159 : NumExpr defaulting to 8 threads.
2023-02-23 15:00:15,828 : INFO : __init__ : <module> : Line 14 : Pandas backend loaded 1.4.2
2023-02-23 15:00:15,851 : INFO : __init__ : <module> : Line 25 : Numpy backend loaded 1.22.3
2023-02-23 15:00:15,851 : INFO : __init__ : <module> : Line 37 : Pyspark backend NOT loaded
2023-02-23 15:00:15,852 : INFO : __init__ : <module> : Line 43 : Python backend loaded
2023-02-23 15:00:55,621 : INFO : environment : <module> : Line 30 : BLUEMIST_PATH /home/shashank-agrawal/PycharmProjects/bluemist-ai/bluemist
2023-02-23 15:00:55,838 : INFO : utils : _init_num_threads : Line 159 : NumExpr defaulting to 8 threads.
2023-02-23 15:01:00,500 : INFO : __init__ : <module> : Line 14 : Pandas backend loaded 1.4.2
2023-02-23 15:01:00,531 : INFO : __init__ : <module> : Line 25 : Numpy backend loaded 1.22.3
2023-02-23 15:01:00,532 : INFO : __init__ : <module> : Line 37 : Pyspark backend NOT loaded
2023-02-23 15:01:00,532 : INFO : __init__ : <module> : Line 43 : Python backend loaded
2023-02-23 15:02:14,756 : INFO : environment : <module> : Line 30 : BLUEMIST_PATH /home/shashank-agrawal/PycharmProjects/bluemist-ai/bluemist
2023-02-23 15:02:14,973 : INFO : utils : _init_num_threads : Line 159 : NumExpr defaulting to 8 threads.
2023-02-23 15:02:19,617 : INFO : __init__ : <module> : Line 14 : Pandas backend loaded 1.4.2
2023-02-23 15:02:19,638 : INFO : __init__ : <module> : Line 25 : Numpy backend loaded 1.22.3
2023-02-23 15:02:19,639 : INFO : __init__ : <module> : Line 37 : Pyspark backend NOT loaded
2023-02-23 15:02:19,639 : INFO : __init__ : <module> : Line 43 : Python backend loaded
2023-02-23 15:03:09,955 : INFO : environment : <module> : Line 30 : BLUEMIST_PATH /home/shashank-agrawal/PycharmProjects/bluemist-ai/bluemist
2023-02-23 15:03:10,175 : INFO : utils : _init_num_threads : Line 159 : NumExpr defaulting to 8 threads.
2023-02-23 15:03:16,038 : INFO : __init__ : <module> : Line 14 : Pandas backend loaded 1.4.2
2023-02-23 15:03:16,062 : INFO : __init__ : <module> : Line 25 : Numpy backend loaded 1.22.3
2023-02-23 15:03:16,062 : INFO : __init__ : <module> : Line 37 : Pyspark backend NOT loaded
2023-02-23 15:03:16,063 : INFO : __init__ : <module> : Line 43 : Python backend loaded
2023-02-23 15:05:03,325 : INFO : environment : <module> : Line 30 : BLUEMIST_PATH /home/shashank-agrawal/PycharmProjects/bluemist-ai/bluemist
2023-02-23 15:05:03,572 : INFO : utils : _init_num_threads : Line 159 : NumExpr defaulting to 8 threads.
2023-02-23 15:05:08,290 : INFO : __init__ : <module> : Line 14 : Pandas backend loaded 1.4.2
2023-02-23 15:05:08,315 : INFO : __init__ : <module> : Line 25 : Numpy backend loaded 1.22.3
2023-02-23 15:05:08,316 : INFO : __init__ : <module> : Line 37 : Pyspark backend NOT loaded
2023-02-23 15:05:08,316 : INFO : __init__ : <module> : Line 43 : Python backend loaded
2023-02-23 15:06:59,018 : INFO : environment : <module> : Line 30 : BLUEMIST_PATH /home/shashank-agrawal/PycharmProjects/bluemist-ai/bluemist
2023-02-23 15:06:59,242 : INFO : utils : _init_num_threads : Line 159 : NumExpr defaulting to 8 threads.
2023-02-23 15:07:04,946 : INFO : __init__ : <module> : Line 14 : Pandas backend loaded 1.4.2
2023-02-23 15:07:04,968 : INFO : __init__ : <module> : Line 25 : Numpy backend loaded 1.22.3
2023-02-23 15:07:04,969 : INFO : __init__ : <module> : Line 37 : Pyspark backend NOT loaded
2023-02-23 15:07:04,969 : INFO : __init__ : <module> : Line 43 : Python backend loaded
2023-02-23 15:17:35,404 : INFO : environment : <module> : Line 30 : BLUEMIST_PATH /home/shashank-agrawal/PycharmProjects/bluemist-ai/bluemist
2023-02-23 15:17:35,625 : INFO : utils : _init_num_threads : Line 159 : NumExpr defaulting to 8 threads.
2023-02-23 15:17:40,358 : INFO : __init__ : <module> : Line 14 : Pandas backend loaded 1.4.2
2023-02-23 15:17:40,380 : INFO : __init__ : <module> : Line 25 : Numpy backend loaded 1.22.3
2023-02-23 15:17:40,381 : INFO : __init__ : <module> : Line 37 : Pyspark backend NOT loaded
2023-02-23 15:17:40,381 : INFO : __init__ : <module> : Line 43 : Python backend loaded
2023-02-23 15:35:56,268 : INFO : environment : <module> : Line 30 : BLUEMIST_PATH /home/shashank-agrawal/PycharmProjects/bluemist-ai/bluemist
2023-02-23 15:35:56,492 : INFO : utils : _init_num_threads : Line 159 : NumExpr defaulting to 8 threads.
2023-02-23 15:36:01,591 : INFO : __init__ : <module> : Line 14 : Pandas backend loaded 1.4.2
2023-02-23 15:36:01,618 : INFO : __init__ : <module> : Line 25 : Numpy backend loaded 1.22.3
2023-02-23 15:36:01,619 : INFO : __init__ : <module> : Line 37 : Pyspark backend NOT loaded
2023-02-23 15:36:01,620 : INFO : __init__ : <module> : Line 43 : Python backend loaded
2023-02-23 15:37:16,120 : INFO : environment : <module> : Line 30 : BLUEMIST_PATH /home/shashank-agrawal/PycharmProjects/bluemist-ai/bluemist
2023-02-23 15:37:16,348 : INFO : utils : _init_num_threads : Line 159 : NumExpr defaulting to 8 threads.
2023-02-23 15:37:21,191 : INFO : __init__ : <module> : Line 14 : Pandas backend loaded 1.4.2
2023-02-23 15:37:21,218 : INFO : __init__ : <module> : Line 25 : Numpy backend loaded 1.22.3
2023-02-23 15:37:21,219 : INFO : __init__ : <module> : Line 37 : Pyspark backend NOT loaded
2023-02-23 15:37:21,220 : INFO : __init__ : <module> : Line 43 : Python backend loaded
2023-02-23 16:10:07,150 : INFO : environment : <module> : Line 30 : BLUEMIST_PATH /home/shashank-agrawal/PycharmProjects/bluemist-ai/bluemist
2023-02-23 16:10:09,248 : INFO : utils : _init_num_threads : Line 159 : NumExpr defaulting to 8 threads.
2023-02-23 16:10:35,761 : INFO : __init__ : <module> : Line 14 : Pandas backend loaded 1.4.2
2023-02-23 16:10:35,805 : INFO : __init__ : <module> : Line 25 : Numpy backend loaded 1.22.3
2023-02-23 16:10:35,807 : INFO : __init__ : <module> : Line 37 : Pyspark backend NOT loaded
2023-02-23 16:10:35,807 : INFO : __init__ : <module> : Line 43 : Python backend loaded
2023-02-23 16:28:26,107 : INFO : environment : <module> : Line 30 : BLUEMIST_PATH /home/shashank-agrawal/PycharmProjects/bluemist-ai/bluemist
2023-02-23 16:28:27,073 : INFO : utils : _init_num_threads : Line 159 : NumExpr defaulting to 8 threads.
2023-02-23 16:28:33,901 : INFO : __init__ : <module> : Line 14 : Pandas backend loaded 1.4.2
2023-02-23 16:28:33,923 : INFO : __init__ : <module> : Line 25 : Numpy backend loaded 1.22.3
2023-02-23 16:28:33,923 : INFO : __init__ : <module> : Line 37 : Pyspark backend NOT loaded
2023-02-23 16:28:33,924 : INFO : __init__ : <module> : Line 43 : Python backend loaded
2023-02-23 16:29:28,215 : INFO : environment : <module> : Line 30 : BLUEMIST_PATH /home/shashank-agrawal/PycharmProjects/bluemist-ai/bluemist
2023-02-23 16:29:28,553 : INFO : utils : _init_num_threads : Line 159 : NumExpr defaulting to 8 threads.
2023-02-23 16:29:33,533 : INFO : __init__ : <module> : Line 14 : Pandas backend loaded 1.4.2
2023-02-23 16:29:33,555 : INFO : __init__ : <module> : Line 25 : Numpy backend loaded 1.22.3
2023-02-23 16:29:33,556 : INFO : __init__ : <module> : Line 37 : Pyspark backend NOT loaded
2023-02-23 16:29:33,556 : INFO : __init__ : <module> : Line 43 : Python backend loaded
2023-02-23 16:30:53,411 : INFO : environment : <module> : Line 30 : BLUEMIST_PATH /home/shashank-agrawal/PycharmProjects/bluemist-ai/bluemist
2023-02-23 16:30:53,679 : INFO : utils : _init_num_threads : Line 159 : NumExpr defaulting to 8 threads.
2023-02-23 16:30:59,159 : INFO : __init__ : <module> : Line 14 : Pandas backend loaded 1.4.2
2023-02-23 16:30:59,182 : INFO : __init__ : <module> : Line 25 : Numpy backend loaded 1.22.3
2023-02-23 16:30:59,183 : INFO : __init__ : <module> : Line 37 : Pyspark backend NOT loaded
2023-02-23 16:30:59,183 : INFO : __init__ : <module> : Line 43 : Python backend loaded
2023-02-23 16:32:14,541 : INFO : environment : <module> : Line 30 : BLUEMIST_PATH /home/shashank-agrawal/PycharmProjects/bluemist-ai/bluemist
2023-02-23 16:32:14,783 : INFO : utils : _init_num_threads : Line 159 : NumExpr defaulting to 8 threads.
2023-02-23 16:32:20,987 : INFO : __init__ : <module> : Line 14 : Pandas backend loaded 1.4.2
2023-02-23 16:32:21,012 : INFO : __init__ : <module> : Line 25 : Numpy backend loaded 1.22.3
2023-02-23 16:32:21,013 : INFO : __init__ : <module> : Line 37 : Pyspark backend NOT loaded
2023-02-23 16:32:21,013 : INFO : __init__ : <module> : Line 43 : Python backend loaded
2023-02-23 16:33:20,281 : INFO : environment : <module> : Line 30 : BLUEMIST_PATH /home/shashank-agrawal/PycharmProjects/bluemist-ai/bluemist
2023-02-23 16:33:20,505 : INFO : utils : _init_num_threads : Line 159 : NumExpr defaulting to 8 threads.
2023-02-23 16:33:25,114 : INFO : __init__ : <module> : Line 14 : Pandas backend loaded 1.4.2
2023-02-23 16:33:25,136 : INFO : __init__ : <module> : Line 25 : Numpy backend loaded 1.22.3
2023-02-23 16:33:25,137 : INFO : __init__ : <module> : Line 37 : Pyspark backend NOT loaded
2023-02-23 16:33:25,137 : INFO : __init__ : <module> : Line 43 : Python backend loaded
2023-02-23 16:34:35,540 : INFO : environment : <module> : Line 30 : BLUEMIST_PATH /home/shashank-agrawal/PycharmProjects/bluemist-ai/bluemist
2023-02-23 16:34:35,825 : INFO : utils : _init_num_threads : Line 159 : NumExpr defaulting to 8 threads.
2023-02-23 16:34:41,943 : INFO : __init__ : <module> : Line 14 : Pandas backend loaded 1.4.2
2023-02-23 16:34:41,966 : INFO : __init__ : <module> : Line 25 : Numpy backend loaded 1.22.3
2023-02-23 16:34:41,966 : INFO : __init__ : <module> : Line 37 : Pyspark backend NOT loaded
2023-02-23 16:34:41,967 : INFO : __init__ : <module> : Line 43 : Python backend loaded
2023-02-23 16:35:21,707 : INFO : environment : <module> : Line 30 : BLUEMIST_PATH /home/shashank-agrawal/PycharmProjects/bluemist-ai/bluemist
2023-02-23 16:35:21,936 : INFO : utils : _init_num_threads : Line 159 : NumExpr defaulting to 8 threads.
2023-02-23 16:35:26,640 : INFO : __init__ : <module> : Line 14 : Pandas backend loaded 1.4.2
2023-02-23 16:35:26,661 : INFO : __init__ : <module> : Line 25 : Numpy backend loaded 1.22.3
2023-02-23 16:35:26,662 : INFO : __init__ : <module> : Line 37 : Pyspark backend NOT loaded
2023-02-23 16:35:26,662 : INFO : __init__ : <module> : Line 43 : Python backend loaded
2023-02-23 16:37:31,164 : INFO : environment : <module> : Line 30 : BLUEMIST_PATH /home/shashank-agrawal/PycharmProjects/bluemist-ai/bluemist
2023-02-23 16:37:31,420 : INFO : utils : _init_num_threads : Line 159 : NumExpr defaulting to 8 threads.
2023-02-23 16:37:37,379 : INFO : __init__ : <module> : Line 14 : Pandas backend loaded 1.4.2
2023-02-23 16:37:37,412 : INFO : __init__ : <module> : Line 25 : Numpy backend loaded 1.22.3
2023-02-23 16:37:37,413 : INFO : __init__ : <module> : Line 37 : Pyspark backend NOT loaded
2023-02-23 16:37:37,414 : INFO : __init__ : <module> : Line 43 : Python backend loaded
2023-02-23 16:38:07,821 : INFO : environment : <module> : Line 30 : BLUEMIST_PATH /home/shashank-agrawal/PycharmProjects/bluemist-ai/bluemist
2023-02-23 16:38:08,050 : INFO : utils : _init_num_threads : Line 159 : NumExpr defaulting to 8 threads.
2023-02-23 16:38:12,688 : INFO : __init__ : <module> : Line 14 : Pandas backend loaded 1.4.2
2023-02-23 16:38:12,709 : INFO : __init__ : <module> : Line 25 : Numpy backend loaded 1.22.3
2023-02-23 16:38:12,710 : INFO : __init__ : <module> : Line 37 : Pyspark backend NOT loaded
2023-02-23 16:38:12,710 : INFO : __init__ : <module> : Line 43 : Python backend loaded
2023-02-23 17:05:50,984 : INFO : environment : <module> : Line 30 : BLUEMIST_PATH /home/shashank-agrawal/PycharmProjects/bluemist-ai/bluemist
2023-02-23 17:05:51,554 : INFO : utils : _init_num_threads : Line 159 : NumExpr defaulting to 8 threads.
2023-02-23 17:05:57,376 : INFO : __init__ : <module> : Line 14 : Pandas backend loaded 1.4.2
2023-02-23 17:05:57,398 : INFO : __init__ : <module> : Line 25 : Numpy backend loaded 1.22.3
2023-02-23 17:05:57,398 : INFO : __init__ : <module> : Line 37 : Pyspark backend NOT loaded
2023-02-23 17:05:57,399 : INFO : __init__ : <module> : Line 43 : Python backend loaded
2023-02-23 17:09:50,782 : INFO : environment : <module> : Line 30 : BLUEMIST_PATH /home/shashank-agrawal/PycharmProjects/bluemist-ai/bluemist
2023-02-23 17:09:51,006 : INFO : utils : _init_num_threads : Line 159 : NumExpr defaulting to 8 threads.
2023-02-23 17:09:56,738 : INFO : __init__ : <module> : Line 14 : Pandas backend loaded 1.4.2
2023-02-23 17:09:56,760 : INFO : __init__ : <module> : Line 25 : Numpy backend loaded 1.22.3
2023-02-23 17:09:56,760 : INFO : __init__ : <module> : Line 37 : Pyspark backend NOT loaded
2023-02-23 17:09:56,761 : INFO : __init__ : <module> : Line 43 : Python backend loaded
2023-02-23 17:12:52,738 : INFO : environment : <module> : Line 30 : BLUEMIST_PATH /home/shashank-agrawal/PycharmProjects/bluemist-ai/bluemist
2023-02-23 17:12:52,957 : INFO : utils : _init_num_threads : Line 159 : NumExpr defaulting to 8 threads.
2023-02-23 17:12:57,612 : INFO : __init__ : <module> : Line 14 : Pandas backend loaded 1.4.2
2023-02-23 17:12:57,633 : INFO : __init__ : <module> : Line 25 : Numpy backend loaded 1.22.3
2023-02-23 17:12:57,634 : INFO : __init__ : <module> : Line 37 : Pyspark backend NOT loaded
2023-02-23 17:12:57,634 : INFO : __init__ : <module> : Line 43 : Python backend loaded
2023-02-23 17:14:01,950 : INFO : environment : <module> : Line 30 : BLUEMIST_PATH /home/shashank-agrawal/PycharmProjects/bluemist-ai/bluemist
2023-02-23 17:14:02,170 : INFO : utils : _init_num_threads : Line 159 : NumExpr defaulting to 8 threads.
2023-02-23 17:14:06,891 : INFO : __init__ : <module> : Line 14 : Pandas backend loaded 1.4.2
2023-02-23 17:14:06,914 : INFO : __init__ : <module> : Line 25 : Numpy backend loaded 1.22.3
2023-02-23 17:14:06,914 : INFO : __init__ : <module> : Line 37 : Pyspark backend NOT loaded
2023-02-23 17:14:06,915 : INFO : __init__ : <module> : Line 43 : Python backend loaded
2023-02-23 17:15:31,830 : INFO : environment : <module> : Line 30 : BLUEMIST_PATH /home/shashank-agrawal/PycharmProjects/bluemist-ai/bluemist
2023-02-23 17:15:32,114 : INFO : utils : _init_num_threads : Line 159 : NumExpr defaulting to 8 threads.
2023-02-23 17:15:36,988 : INFO : __init__ : <module> : Line 14 : Pandas backend loaded 1.4.2
2023-02-23 17:15:37,010 : INFO : __init__ : <module> : Line 25 : Numpy backend loaded 1.22.3
2023-02-23 17:15:37,010 : INFO : __init__ : <module> : Line 37 : Pyspark backend NOT loaded
2023-02-23 17:15:37,011 : INFO : __init__ : <module> : Line 43 : Python backend loaded
2023-02-23 17:16:17,244 : INFO : environment : <module> : Line 30 : BLUEMIST_PATH /home/shashank-agrawal/PycharmProjects/bluemist-ai/bluemist
2023-02-23 17:16:17,474 : INFO : utils : _init_num_threads : Line 159 : NumExpr defaulting to 8 threads.
2023-02-23 17:16:22,222 : INFO : __init__ : <module> : Line 14 : Pandas backend loaded 1.4.2
2023-02-23 17:16:22,244 : INFO : __init__ : <module> : Line 25 : Numpy backend loaded 1.22.3
2023-02-23 17:16:22,245 : INFO : __init__ : <module> : Line 37 : Pyspark backend NOT loaded
2023-02-23 17:16:22,246 : INFO : __init__ : <module> : Line 43 : Python backend loaded
2023-02-23 17:16:42,698 : INFO : environment : <module> : Line 30 : BLUEMIST_PATH /home/shashank-agrawal/PycharmProjects/bluemist-ai/bluemist
2023-02-23 17:16:42,920 : INFO : utils : _init_num_threads : Line 159 : NumExpr defaulting to 8 threads.
2023-02-23 17:16:48,277 : INFO : __init__ : <module> : Line 14 : Pandas backend loaded 1.4.2
2023-02-23 17:16:48,312 : INFO : __init__ : <module> : Line 25 : Numpy backend loaded 1.22.3
2023-02-23 17:16:48,313 : INFO : __init__ : <module> : Line 37 : Pyspark backend NOT loaded
2023-02-23 17:16:48,313 : INFO : __init__ : <module> : Line 43 : Python backend loaded
2023-02-23 17:16:57,758 : INFO : environment : <module> : Line 30 : BLUEMIST_PATH /home/shashank-agrawal/PycharmProjects/bluemist-ai/bluemist
2023-02-23 17:16:57,976 : INFO : utils : _init_num_threads : Line 159 : NumExpr defaulting to 8 threads.
2023-02-23 17:17:02,663 : INFO : __init__ : <module> : Line 14 : Pandas backend loaded 1.4.2
2023-02-23 17:17:02,684 : INFO : __init__ : <module> : Line 25 : Numpy backend loaded 1.22.3
2023-02-23 17:17:02,685 : INFO : __init__ : <module> : Line 37 : Pyspark backend NOT loaded
2023-02-23 17:17:02,685 : INFO : __init__ : <module> : Line 43 : Python backend loaded
2023-02-23 17:18:16,608 : INFO : environment : <module> : Line 30 : BLUEMIST_PATH /home/shashank-agrawal/PycharmProjects/bluemist-ai/bluemist
2023-02-23 17:18:16,833 : INFO : utils : _init_num_threads : Line 159 : NumExpr defaulting to 8 threads.
2023-02-23 17:18:21,766 : INFO : __init__ : <module> : Line 14 : Pandas backend loaded 1.4.2
2023-02-23 17:18:21,788 : INFO : __init__ : <module> : Line 25 : Numpy backend loaded 1.22.3
2023-02-23 17:18:21,789 : INFO : __init__ : <module> : Line 37 : Pyspark backend NOT loaded
2023-02-23 17:18:21,789 : INFO : __init__ : <module> : Line 43 : Python backend loaded
2023-02-23 17:19:41,730 : INFO : environment : <module> : Line 30 : BLUEMIST_PATH /home/shashank-agrawal/PycharmProjects/bluemist-ai/bluemist
2023-02-23 17:19:41,954 : INFO : utils : _init_num_threads : Line 159 : NumExpr defaulting to 8 threads.
2023-02-23 17:19:46,708 : INFO : __init__ : <module> : Line 14 : Pandas backend loaded 1.4.2
2023-02-23 17:19:46,730 : INFO : __init__ : <module> : Line 25 : Numpy backend loaded 1.22.3
2023-02-23 17:19:46,731 : INFO : __init__ : <module> : Line 37 : Pyspark backend NOT loaded
2023-02-23 17:19:46,731 : INFO : __init__ : <module> : Line 43 : Python backend loaded
2023-02-23 17:22:55,002 : INFO : environment : <module> : Line 30 : BLUEMIST_PATH /home/shashank-agrawal/PycharmProjects/bluemist-ai/bluemist
2023-02-23 17:22:55,225 : INFO : utils : _init_num_threads : Line 159 : NumExpr defaulting to 8 threads.
2023-02-23 17:22:59,884 : INFO : __init__ : <module> : Line 14 : Pandas backend loaded 1.4.2
2023-02-23 17:22:59,906 : INFO : __init__ : <module> : Line 25 : Numpy backend loaded 1.22.3
2023-02-23 17:22:59,906 : INFO : __init__ : <module> : Line 37 : Pyspark backend NOT loaded
2023-02-23 17:22:59,907 : INFO : __init__ : <module> : Line 43 : Python backend loaded
